CordovaLib/build/outputs/logs/manifest-merger-debug-report.txt
-- Merging decision tree log ---
manifest
ADDED from CordovaTest\CordovaLib\AndroidManifest.xml:20:1-23:12
INJECTED from CordovaTest\CordovaLib\AndroidManifest.xml:20:1-23:12
INJECTED from CordovaTest\CordovaLib\AndroidManifest.xml:20:1-23:12
INJECTED from CordovaTest\CordovaLib\AndroidManifest.xml:20:1-23:12
INJECTED from CordovaTest\CordovaLib\AndroidManifest.xml:20:1-23:12
INJECTED from CordovaTest\CordovaLib\AndroidManifest.xml:20:1-23:12
INJECTED from CordovaTest\CordovaLib\AndroidManifest.xml:20:1-23:12
	package
		ADDED from CordovaTest\CordovaLib\AndroidManifest.xml:21:7-35
		INJECTED from CordovaTest\CordovaLib\AndroidManifest.xml
		INJECTED from CordovaTest\CordovaLib\AndroidManifest.xml
	android:versionName
		ADDED from CordovaTest\CordovaLib\AndroidManifest.xml:21:36-61
		INJECTED from CordovaTest\CordovaLib\AndroidManifest.xml
		INJECTED from CordovaTest\CordovaLib\AndroidManifest.xml
	xmlns:android
		ADDED from CordovaTest\CordovaLib\AndroidManifest.xml:20:11-69
	android:versionCode
		ADDED from CordovaTest\CordovaLib\AndroidManifest.xml:21:62-85
		INJECTED from CordovaTest\CordovaLib\AndroidManifest.xml
		INJECTED from CordovaTest\CordovaLib\AndroidManifest.xml